C51 COMPILER V9.01   MAIN                                                                  02/26/2015 01:45:18 PAGE 1   


C51 COMPILER V9.01, COMPILATION OF MODULE MAIN
OBJECT MODULE PLACED IN main.OBJ
COMPILER INVOKED BY: C:\Keil\C51\BIN\C51.EXE main.c BROWSE DEBUG OBJECTEXTEND

line level    source

   1          #include "OS_task.h"
   2          #include "89c51.h"
   3          #include "main.h"
   4          #include "task_switch.h"
   5          #include <reg52.h>
   6          sbit K1=P0^0;
   7          void del10ms()
   8          {
   9   1              unsigned char a,b,c;
  10   1              for (c=1;c>0;c--)
  11   1              for(b=0;b<38;b++)
  12   1                 for(a=0;a<130;a++);
  13   1      }
  14          void task_1()
  15          {
  16   1              while(1)
  17   1              {
  18   2                      if(K1==0)
  19   2                        del10ms();
  20   2                        if(K1==0)
  21   2                              {
  22   3                                      task_switch();  
  23   3                              }
  24   2              }
  25   1      }
  26          
  27          void task_2()
  28          {
  29   1              while(1)
  30   1              {
  31   2                      if(K1==0)
  32   2                        del10ms();
  33   2                        if(K1==0)
  34   2                              {
  35   3                                      task_switch();  
  36   3                              }
  37   2              }
  38   1      }
  39          
  40          void task_3()
  41          {
  42   1      
  43   1              while(1)
  44   1              {
  45   2                      if(K1==0)
  46   2                        del10ms();
  47   2                        if(K1==0)
  48   2                              {
  49   3                                      task_switch();  
  50   3                              }
  51   2              }
  52   1      }
  53          
  54          void task_4()
  55          {
C51 COMPILER V9.01   MAIN                                                                  02/26/2015 01:45:18 PAGE 2   

  56   1              while(1)
  57   1              {
  58   2                      if(K1==0)
  59   2                        del10ms();
  60   2                        if(K1==0)
  61   2                              {
  62   3                                      task_switch();  
  63   3                              }
  64   2              }
  65   1      }
  66          
  67          void task_5()
  68          {
  69   1              while(1)
  70   1              {
  71   2                      if(K1==0)
  72   2                        del10ms();
  73   2                        if(K1==0)
  74   2                              {
  75   3                                      task_switch();  
  76   3                              }
  77   2              }
  78   1      }
  79          void main(void)
  80          {
  81   1      //      载入函数 优先级 任务名 任务ID
  82   1              task_load(2,task_1, 0);
  83   1              task_load(3,task_2, 1);
  84   1              task_load(4,task_3, 2);
  85   1              task_load(5,task_4, 3);
  86   1              task_load(6,task_4, 4);
  87   1              OS_Start(0);
  88   1      }


MODULE INFORMATION:   STATIC OVERLAYABLE
   CODE SIZE        =    148    ----
   CONSTANT SIZE    =   ----    ----
   XDATA SIZE       =   ----    ----
   PDATA SIZE       =   ----    ----
   DATA SIZE        =   ----    ----
   IDATA SIZE       =   ----    ----
   BIT SIZE         =   ----    ----
END OF MODULE INFORMATION.


C51 COMPILATION COMPLETE.  0 WARNING(S),  0 ERROR(S)
