C51 COMPILER V9.01   OS_TASK                                                               02/26/2015 01:23:36 PAGE 1   


C51 COMPILER V9.01, COMPILATION OF MODULE OS_TASK
OBJECT MODULE PLACED IN OS_task.OBJ
COMPILER INVOKED BY: C:\Keil\C51\BIN\C51.EXE OS_task.c BROWSE DEBUG OBJECTEXTEND

line level    source

   1          //系统任务程序
   2          #include "OS_task.h"
   3          #include "89c51.h"
   4          #include "main.h"
   5          #include "task_switch.h"
   6          #include <reg52.h>
   7          //程序控制块
   8          idata volatile PCB OS_PBC[MAX_TASK];
   9          
  10          //当前运行任务的ID号
  11          volatile unsigned char OS_TASK_ID;
  12          
  13          //声明堆栈
  14          unsigned char idata OS_Stack[MAX_TASK][SRACK_DEPTH];
  15          
  16          //任务装载函数
  17          void task_load(unsigned char PRI,unsigned int FN,unsigned char T_ID)
  18          {
  19   1              OS_PCB[T_ID].Priority=PRI;
  20   1              OS_PCB[T_ID].Task_SP=OS_Stack[T_ID]+1;
  21   1              OS_Stack[T_ID][0] = (unsigned int)FN & 0xff; 
  22   1              OS_Stack[T_ID][1] = (unsigned int)FN << 8; 
  23   1      }
  24          
  25          //任务运行函数
  26          void OS_Start(T_ID)
  27          {
  28   1              OS_TASK_ID=T_ID;
  29   1              SP=OS_PCB[OS_TASK_ID].Task_SP;  
  30   1              while(1);//卡着吧
  31   1      }


MODULE INFORMATION:   STATIC OVERLAYABLE
   CODE SIZE        =     62    ----
   CONSTANT SIZE    =   ----    ----
   XDATA SIZE       =   ----    ----
   PDATA SIZE       =   ----    ----
   DATA SIZE        =      1    ----
   IDATA SIZE       =    110    ----
   BIT SIZE         =   ----    ----
END OF MODULE INFORMATION.


C51 COMPILATION COMPLETE.  0 WARNING(S),  0 ERROR(S)
