C51 COMPILER V9.01   TASK_SWITCH                                                           02/26/2015 01:23:36 PAGE 1   


C51 COMPILER V9.01, COMPILATION OF MODULE TASK_SWITCH
OBJECT MODULE PLACED IN task_switch.OBJ
COMPILER INVOKED BY: C:\Keil\C51\BIN\C51.EXE task_switch.c BROWSE DEBUG OBJECTEXTEND

line level    source

   1          //任务交换程序
   2          #include "OS_task.h"
   3          #include "89c51.h"
   4          #include "main.h"
   5          #include "task_switch.h"
   6          #include <reg52.h>
   7          //任务调度函数
   8          void task_switch(){
   9   1              static int i;
  10   1              unsigned char j,MAX; 
  11   1              OS_PCB[OS_TASK_ID].Task_SP = SP; 
  12   1              for(i=0;i<MAX_TASK;i++)
  13   1              {
  14   2                      MAX=j;
  15   2                      if(OS_PCB[j].Priority<OS_PCB[i].Priority||j!=OS_TASK_ID)   //如果优先级高，则切换之
  16   2              {
  17   3                      j=i;
  18   3                      }
  19   2              }
  20   1              OS_TASK_ID=j;
  21   1              SP = OS_PCB[OS_TASK_ID].Task_SP; 
  22   1      } 
  23          
  24          


MODULE INFORMATION:   STATIC OVERLAYABLE
   CODE SIZE        =     71    ----
   CONSTANT SIZE    =   ----    ----
   XDATA SIZE       =   ----    ----
   PDATA SIZE       =   ----    ----
   DATA SIZE        =      2       1
   IDATA SIZE       =   ----    ----
   BIT SIZE         =   ----    ----
END OF MODULE INFORMATION.


C51 COMPILATION COMPLETE.  0 WARNING(S),  0 ERROR(S)
